{"name": "参数化用例标题: 添加 1 和 2", "status": "failed", "statusDetails": {"message": "AssertionError: assert (1 + 2) == 5", "trace": "param1 = 1, param2 = 2, expected = 5\n\n    @allure.title(\"参数化用例标题: 添加 {param1} 和 {param2}\")\n    @pytest.mark.parametrize('param1,param2,expected', [\n        (2, 2, 4),\n        (1, 2, 5)\n    ])\n    def test_with_parameterized_title(param1, param2, expected):\n>       assert param1 + param2 == expected\nE       assert (1 + 2) == 5\n\ntest_case\\test_baidu.py:33: AssertionError"}, "steps": [{"name": "添加失败截图", "status": "passed", "attachments": [{"name": "失败截图", "source": "0ce5f99d-d46b-427f-8062-cfc207d6dafb-attachment.png", "type": "image/png"}], "start": 1691481641865, "stop": 1691481641997}], "parameters": [{"name": "param1", "value": "1"}, {"name": "param2", "value": "2"}, {"name": "expected", "value": "5"}], "start": 1691481641750, "stop": 1691481641751, "uuid": "7676312d-cddc-419f-bd8b-60987deb12c4", "historyId": "e50775ce7bb16475211d2f7ae759eb4a", "testCaseId": "305e4f970eb0128eea2aa5ccb00f4753", "fullName": "test_case.test_baidu#test_with_parameterized_title", "labels": [{"name": "parentSuite", "value": "test_case"}, {"name": "suite", "value": "test_baidu"}, {"name": "host", "value": "ming"}, {"name": "thread", "value": "16180-MainThread"}, {"name": "framework", "value": "pytest"}, {"name": "language", "value": "cpython3"}, {"name": "package", "value": "test_case.test_baidu"}]}